<?xml version="1.0" encoding="UTF-8"?>
<!-- Generated by org.testng.reporters.JUnitXMLReporter -->
<testsuite ignored="0" hostname="DESKTOP-2AMH4DH" failures="0" tests="8" name="ChromeTest" time="14.326" errors="0" timestamp="2024-02-23T14:32:07 IST">
  <testcase classname="TestNg_Day6.SauceDemoTask" name="launch" time="1.408"/>
  <testcase classname="TestNg_Day6.SauceDemoTask" name="login" time="1.019"/>
  <testcase classname="TestNg_Day6.SauceDemoTask" name="selectPriceLowToHigh" time="3.653"/>
  <testcase classname="TestNg_Day6.SauceDemoTask" name="addProductToCart" time="0.082"/>
  <testcase classname="TestNg_Day6.SauceDemoTask" name="goToShoppingCart" time="0.14"/>
  <testcase classname="TestNg_Day6.SauceDemoTask" name="continueCheckout" time="0.161"/>
  <testcase classname="TestNg_Day6.SauceDemoTask" name="enterInformationAndContinue" time="0.715"/>
  <testcase classname="TestNg_Day6.SauceDemoTask" name="clickOnFinish" time="0.141"/>
</testsuite> <!-- ChromeTest -->
