<?xml version="1.0" encoding="UTF-8"?>
<!-- Generated by org.testng.reporters.JUnitXMLReporter -->
<testsuite ignored="0" hostname="DESKTOP-2AMH4DH" failures="0" tests="8" name="EdgeTest" time="14.377" errors="0" timestamp="2024-02-23T14:32:07 IST">
  <testcase classname="TestNg_Day6.SauceDemoTask" name="launch" time="1.528"/>
  <testcase classname="TestNg_Day6.SauceDemoTask" name="login" time="1.179"/>
  <testcase classname="TestNg_Day6.SauceDemoTask" name="selectPriceLowToHigh" time="3.834"/>
  <testcase classname="TestNg_Day6.SauceDemoTask" name="addProductToCart" time="0.153"/>
  <testcase classname="TestNg_Day6.SauceDemoTask" name="goToShoppingCart" time="0.166"/>
  <testcase classname="TestNg_Day6.SauceDemoTask" name="continueCheckout" time="0.15"/>
  <testcase classname="TestNg_Day6.SauceDemoTask" name="enterInformationAndContinue" time="0.774"/>
  <testcase classname="TestNg_Day6.SauceDemoTask" name="clickOnFinish" time="0.134"/>
</testsuite> <!-- EdgeTest -->
