<?xml version="1.0" encoding="UTF-8"?>
<testng-results ignored="0" total="4" passed="4" failed="0" skipped="0">
  <reporter-output>
  </reporter-output>
  <suite started-at="2024-03-12T20:44:00 IST" name="Suite" finished-at="2024-03-12T20:44:16 IST" duration-ms="16089">
    <groups>
    </groups>
    <test started-at="2024-03-12T20:44:00 IST" name="ChromeTest" finished-at="2024-03-12T20:44:15 IST" duration-ms="15276">
      <class name="TestNg_Day6.ParallelTest">
        <test-method is-config="true" signature="setup(java.lang.String)[pri:0, instance:TestNg_Day6.ParallelTest@8519cb4]" started-at="2024-03-12T20:44:00 IST" name="setup" finished-at="2024-03-12T20:44:06 IST" duration-ms="6174" status="PASS">
          <params>
            <param index="0">
              <value>
                <![CDATA[chrome]]>
              </value>
            </param>
          </params>
          <reporter-output>
          </reporter-output>
        </test-method> <!-- setup -->
        <test-method signature="launch(java.lang.String)[pri:1, instance:TestNg_Day6.ParallelTest@8519cb4]" started-at="2024-03-12T20:44:06 IST" name="launch" finished-at="2024-03-12T20:44:12 IST" duration-ms="5406" status="PASS">
          <params>
            <param index="0">
              <value>
                <![CDATA[https://opensource-demo.orangehrmlive.com/web/index.php/auth/login]]>
              </value>
            </param>
          </params>
          <reporter-output>
          </reporter-output>
        </test-method> <!-- launch -->
        <test-method signature="login(java.lang.String,java.lang.String)[pri:2, instance:TestNg_Day6.ParallelTest@8519cb4]" started-at="2024-03-12T20:44:12 IST" name="login" finished-at="2024-03-12T20:44:15 IST" duration-ms="3302" status="PASS">
          <params>
            <param index="0">
              <value>
                <![CDATA[Admin]]>
              </value>
            </param>
            <param index="1">
              <value>
                <![CDATA[admin123]]>
              </value>
            </param>
          </params>
          <reporter-output>
          </reporter-output>
        </test-method> <!-- login -->
        <test-method is-config="true" signature="close()[pri:0, instance:TestNg_Day6.ParallelTest@8519cb4]" started-at="2024-03-12T20:44:15 IST" name="close" finished-at="2024-03-12T20:44:15 IST" duration-ms="302" status="PASS">
          <reporter-output>
          </reporter-output>
        </test-method> <!-- close -->
      </class> <!-- TestNg_Day6.ParallelTest -->
    </test> <!-- ChromeTest -->
    <test started-at="2024-03-12T20:44:00 IST" name="EdgeTest" finished-at="2024-03-12T20:44:16 IST" duration-ms="16089">
      <class name="TestNg_Day6.ParallelTest">
        <test-method is-config="true" signature="setup(java.lang.String)[pri:0, instance:TestNg_Day6.ParallelTest@359df09a]" started-at="2024-03-12T20:44:00 IST" name="setup" finished-at="2024-03-12T20:44:06 IST" duration-ms="6175" status="PASS">
          <params>
            <param index="0">
              <value>
                <![CDATA[edge]]>
              </value>
            </param>
          </params>
          <reporter-output>
          </reporter-output>
        </test-method> <!-- setup -->
        <test-method signature="launch(java.lang.String)[pri:1, instance:TestNg_Day6.ParallelTest@359df09a]" started-at="2024-03-12T20:44:06 IST" name="launch" finished-at="2024-03-12T20:44:11 IST" duration-ms="4352" status="PASS">
          <params>
            <param index="0">
              <value>
                <![CDATA[https://opensource-demo.orangehrmlive.com/web/index.php/auth/login]]>
              </value>
            </param>
          </params>
          <reporter-output>
          </reporter-output>
        </test-method> <!-- launch -->
        <test-method signature="login(java.lang.String,java.lang.String)[pri:2, instance:TestNg_Day6.ParallelTest@359df09a]" started-at="2024-03-12T20:44:11 IST" name="login" finished-at="2024-03-12T20:44:16 IST" duration-ms="4926" status="PASS">
          <params>
            <param index="0">
              <value>
                <![CDATA[Admin]]>
              </value>
            </param>
            <param index="1">
              <value>
                <![CDATA[admin123]]>
              </value>
            </param>
          </params>
          <reporter-output>
          </reporter-output>
        </test-method> <!-- login -->
        <test-method is-config="true" signature="close()[pri:0, instance:TestNg_Day6.ParallelTest@359df09a]" started-at="2024-03-12T20:44:16 IST" name="close" finished-at="2024-03-12T20:44:16 IST" duration-ms="545" status="PASS">
          <reporter-output>
          </reporter-output>
        </test-method> <!-- close -->
      </class> <!-- TestNg_Day6.ParallelTest -->
    </test> <!-- EdgeTest -->
  </suite> <!-- Suite -->
</testng-results>
